<?xml version="1.0" encoding="UTF-8"?>
<!-- Generated by org.testng.reporters.JUnitXMLReporter -->
<testsuite ignored="0" hostname="Jijos-Air.lan" failures="2" tests="13" name="TestClassSignup" time="429.102" errors="0" timestamp="2022-03-20T15:20:54 GST">
  <testcase classname="com.TrainerManagementSystem.scripts.TestClassSignup" name="VerifySignUPMenuTCB2G70011" time="0.404"/>
  <testcase classname="com.TrainerManagementSystem.scripts.TestClassSignup" name="VerifySignUpTCB2G70012" time="9.129"/>
  <testcase classname="com.TrainerManagementSystem.scripts.TestClassSignup" name="VerifySignUpwithoutCourseTCB2G70023" time="37.132">
    <failure type="java.lang.AssertionError">
      <![CDATA[java.lang.AssertionError: 
at com.TrainerManagementSystem.scripts.TestClassSignup.VerifySignUpwithoutCourseTCB2G70023(TestClassSignup.java:269)
at java.base/java.util.ArrayList.forEach(ArrayList.java:1511)
at java.base/java.util.concurrent.FutureTask.run(FutureTask.java:264)
at java.base/java.util.concurrent.ThreadPoolExecutor.runWorker(ThreadPoolExecutor.java:1130)
at java.base/java.util.concurrent.ThreadPoolExecutor$Worker.run(ThreadPoolExecutor.java:630)
at java.base/java.lang.Thread.run(Thread.java:831)
... Removed 21 stack frames]]>
    </failure>
  </testcase> <!-- VerifySignUpwithoutCourseTCB2G70023 -->
  <testcase classname="com.TrainerManagementSystem.scripts.TestClassSignup" name="VerifyValidNameTCB2G70021" time="33.924"/>
  <testcase classname="com.TrainerManagementSystem.scripts.TestClassSignup" name="VerifyInvalidNameTCB2G70022" time="33.986"/>
  <testcase classname="com.TrainerManagementSystem.scripts.TestClassSignup" name="VerifyInvalidPhoneUsingStringsTCB2G70016" time="34.154"/>
  <testcase classname="com.TrainerManagementSystem.scripts.TestClassSignup" name="VerifyInvalidPhoneTCB2G70015" time="34.193"/>
  <testcase classname="com.TrainerManagementSystem.scripts.TestClassSignup" name="VerifyInvalidEmailTCB2G70020" time="34.068"/>
  <testcase classname="com.TrainerManagementSystem.scripts.TestClassSignup" name="VerifyValidEmailTCB2G70019" time="33.931"/>
  <testcase classname="com.TrainerManagementSystem.scripts.TestClassSignup" name="VerifyPasParameterTCB2G70086" time="35.932"/>
  <testcase classname="com.TrainerManagementSystem.scripts.TestClassSignup" name="VerifyEnteredSamePassTCB2G70017" time="34.077"/>
  <testcase classname="com.TrainerManagementSystem.scripts.TestClassSignup" name="VerifyEnteredDiffPassTCB2G70018" time="34.306"/>
  <testcase classname="com.TrainerManagementSystem.scripts.TestClassSignup" name="ListCourseTCB2G70013" time="33.973">
    <failure type="java.lang.AssertionError" message="expected:&amp;lt;4&amp;gt; but was:&amp;lt;6&amp;gt;">
      <![CDATA[java.lang.AssertionError: expected:<4> but was:<6>
at com.TrainerManagementSystem.scripts.TestClassSignup.ListCourseTCB2G70013(TestClassSignup.java:100)
at java.base/java.util.ArrayList.forEach(ArrayList.java:1511)
at java.base/java.util.concurrent.FutureTask.run(FutureTask.java:264)
at java.base/java.util.concurrent.ThreadPoolExecutor.runWorker(ThreadPoolExecutor.java:1130)
at java.base/java.util.concurrent.ThreadPoolExecutor$Worker.run(ThreadPoolExecutor.java:630)
at java.base/java.lang.Thread.run(Thread.java:831)
... Removed 23 stack frames]]>
    </failure>
  </testcase> <!-- ListCourseTCB2G70013 -->
</testsuite> <!-- TestClassSignup -->
