<!DOCTYPE html PUBLIC "-//W3C//DTD XHTML 1.1//EN" "https://www.w3.org/TR/xhtml11/DTD/xhtml11.dtd">
<html xmlns="https://www.w3.org/1999/xhtml">
<head>
<meta http-equiv="content-type" content="text/html; charset=UTF-8"/>
<title>TestNG Report</title>
<style type="text/css">table {margin-bottom:10px;border-collapse:collapse;empty-cells:show}th,td {border:1px solid #009;padding:.25em .5em}th {vertical-align:bottom}td {vertical-align:top}table a {font-weight:bold}.stripe td {background-color: #E6EBF9}.num {text-align:right}.passedodd td {background-color: #3F3}.passedeven td {background-color: #0A0}.skippedodd td {background-color: #DDD}.skippedeven td {background-color: #CCC}.failedodd td,.attn {background-color: #F33}.failedeven td,.stripe .attn {background-color: #D00}.stacktrace {white-space:pre;font-family:monospace}.totop {font-size:85%;text-align:center;border-bottom:2px solid #000}.invisible {display:none}</style>
</head>
<body>
<table>
<tr><th>Test</th><th># Passed</th><th># Skipped</th><th># Retried</th><th># Failed</th><th>Time (ms)</th><th>Included Groups</th><th>Excluded Groups</th></tr>
<tr><th colspan="8">Suite</th></tr>
<tr><td><a href="#t0">TestClassHomePageLinks</a></td><td class="num">3</td><td class="num">0</td><td class="num">0</td><td class="num">0</td><td class="num">43,274</td><td></td><td></td></tr>
<tr class="stripe"><td><a href="#t1">TestClassSocialMediaLinks</a></td><td class="num">0</td><td class="num">0</td><td class="num">0</td><td class="num attn">3</td><td class="num">65,254</td><td></td><td></td></tr>
<tr><td><a href="#t2">TestClassAdminLogin</a></td><td class="num">3</td><td class="num">0</td><td class="num">0</td><td class="num">0</td><td class="num">142,709</td><td></td><td></td></tr>
<tr class="stripe"><td><a href="#t3">TestClassAdminApproval</a></td><td class="num">6</td><td class="num">0</td><td class="num">0</td><td class="num attn">1</td><td class="num">80,504</td><td></td><td></td></tr>
<tr><td><a href="#t4">TestClassAllocate</a></td><td class="num">3</td><td class="num">0</td><td class="num">0</td><td class="num">0</td><td class="num">106,834</td><td></td><td></td></tr>
<tr class="stripe"><td><a href="#t5">TestClassAllocateTrainer</a></td><td class="num">8</td><td class="num">0</td><td class="num">0</td><td class="num">0</td><td class="num">54,785</td><td></td><td></td></tr>
<tr><td><a href="#t6">TestClassSignup</a></td><td class="num">11</td><td class="num">0</td><td class="num">0</td><td class="num attn">2</td><td class="num">429,102</td><td></td><td></td></tr>
<tr class="stripe"><td><a href="#t7">TestClassAdminLogout</a></td><td class="num">2</td><td class="num">0</td><td class="num">0</td><td class="num">0</td><td class="num">58,722</td><td></td><td></td></tr>
<tr><td><a href="#t8">TestClassViewAllocation</a></td><td class="num">6</td><td class="num">0</td><td class="num">0</td><td class="num">0</td><td class="num">163,425</td><td></td><td></td></tr>
<tr class="stripe"><td><a href="#t9">TestClassTrainerLogin</a></td><td class="num">6</td><td class="num">0</td><td class="num">0</td><td class="num">0</td><td class="num">90,034</td><td></td><td></td></tr>
<tr><td><a href="#t10">TestClassTrainerInformation</a></td><td class="num">2</td><td class="num">0</td><td class="num">0</td><td class="num attn">1</td><td class="num">105,507</td><td></td><td></td></tr>
<tr class="stripe"><td><a href="#t11">TestClassEditTrainerProfile</a></td><td class="num">6</td><td class="num">0</td><td class="num">0</td><td class="num attn">1</td><td class="num">117,457</td><td></td><td></td></tr>
<tr><td><a href="#t12">TestClassTrainerLogout</a></td><td class="num">2</td><td class="num">0</td><td class="num">0</td><td class="num">0</td><td class="num">42,622</td><td></td><td></td></tr>
<tr><th>Total</th><th class="num">58</th><th class="num">0</th><th class="num">0</th><th class="num attn">8</th><th class="num">1,500,229</th><th colspan="2"></th></tr>
</table>
<table id='summary'><thead><tr><th>Class</th><th>Method</th><th>Start</th><th>Time (ms)</th></tr></thead><tbody><tr><th colspan="4">Suite</th></tr></tbody><tbody id="t0"><tr><th colspan="4">TestClassHomePageLinks &#8212; passed</th></tr><tr class="passedeven"><td rowspan="3">com.TrainerManagementSystem.scripts.TestClassHomePageLinks</td><td><a href="#m0">CheckPageTitleTCB2G70001</a></td><td rowspan="1">1647774824252</td><td rowspan="1">87</td></tr><tr class="passedeven"><td><a href="#m1">NavigateToLoginPageTCB2G70003</a></td><td rowspan="1">1647774824355</td><td rowspan="1">230</td></tr><tr class="passedeven"><td><a href="#m2">NavigateToSignupPageTCB2G70004</a></td><td rowspan="1">1647774824588</td><td rowspan="1">440</td></tr></tbody>
<tbody id="t1"><tr><th colspan="4">TestClassSocialMediaLinks &#8212; failed</th></tr><tr class="failedeven"><td rowspan="3">com.TrainerManagementSystem.scripts.TestClassSocialMediaLinks</td><td><a href="#m3">TCB2G70006_FaceBook</a></td><td rowspan="1">1647774826889</td><td rowspan="1">3467</td></tr><tr class="failedeven"><td><a href="#m4">TCB2G70006_Instagram</a></td><td rowspan="1">1647774832425</td><td rowspan="1">6130</td></tr><tr class="failedeven"><td><a href="#m5">TCB2G70006_Twitter</a></td><td rowspan="1">1647774839798</td><td rowspan="1">6096</td></tr></tbody>
<tbody id="t2"><tr><th colspan="4">TestClassAdminLogin &#8212; passed</th></tr><tr class="passedeven"><td rowspan="3">com.TrainerManagementSystem.scripts.TestClassAdminLogin</td><td><a href="#m6">LoginWithNodataTCB2G70029</a></td><td rowspan="1">1647774955942</td><td rowspan="1">33875</td></tr><tr class="passedeven"><td><a href="#m7">VerifyAdminLoginTCB2G70025</a></td><td rowspan="1">1647774886247</td><td rowspan="1">35172</td></tr><tr class="passedeven"><td><a href="#m8">VerifyLoginWithInvaidDatasTCB2G70026</a></td><td rowspan="1">1647774921420</td><td rowspan="1">34521</td></tr></tbody>
<tbody id="t3"><tr><th colspan="4">TestClassAdminApproval &#8212; failed</th></tr><tr class="failedeven"><td rowspan="1">com.TrainerManagementSystem.scripts.TestClassAdminApproval</td><td><a href="#m9">VerifyApproveWithoutEmpTypeTCB2G70034</a></td><td rowspan="1">1647775069129</td><td rowspan="1">309</td></tr><tr><th colspan="4">TestClassAdminApproval &#8212; passed</th></tr><tr class="passedeven"><td rowspan="6">com.TrainerManagementSystem.scripts.TestClassAdminApproval</td><td><a href="#m10">VerifyApproveButtonTCB2G70035</a></td><td rowspan="1">1647775068815</td><td rowspan="1">312</td></tr><tr class="passedeven"><td><a href="#m11">VerifyContentsTableTCB2G70030</a></td><td rowspan="1">1647775062579</td><td rowspan="1">5842</td></tr><tr class="passedeven"><td><a href="#m12">VerifyContentsTableTCB2G70033</a></td><td rowspan="1">1647775068491</td><td rowspan="1">323</td></tr><tr class="passedeven"><td><a href="#m13">VerifyFooterDisplayTCB2G70032</a></td><td rowspan="1">1647775068422</td><td rowspan="1">68</td></tr><tr class="passedeven"><td><a href="#m14">VerifyPageScrollingTCB2G70031</a></td><td rowspan="1">1647775070127</td><td rowspan="1">100</td></tr><tr class="passedeven"><td><a href="#m15">VerifyRejectButtonTCB2G70037</a></td><td rowspan="1">1647775069950</td><td rowspan="1">175</td></tr></tbody>
<tbody id="t4"><tr><th colspan="4">TestClassAllocate &#8212; passed</th></tr><tr class="passedeven"><td rowspan="3">com.TrainerManagementSystem.scripts.TestClassAllocate</td><td><a href="#m16">VerifySearchBoxTCB2G70039</a></td><td rowspan="1">1647775143013</td><td rowspan="1">33688</td></tr><tr class="passedeven"><td><a href="#m17">VerifySearchDetailsTCB2G70040</a></td><td rowspan="1">1647775176702</td><td rowspan="1">216</td></tr><tr class="passedeven"><td><a href="#m18">VerifySearchDetailsbyIdTCB2G70042</a></td><td rowspan="1">1647775176919</td><td rowspan="1">212</td></tr></tbody>
<tbody id="t5"><tr><th colspan="4">TestClassAllocateTrainer &#8212; passed</th></tr><tr class="passedeven"><td rowspan="8">com.TrainerManagementSystem.scripts.TestClassAllocateTrainer</td><td><a href="#m19">VerifyAllocateButtonTCB2G70043</a></td><td rowspan="1">1647775216365</td><td rowspan="1">5550</td></tr><tr class="passedeven"><td><a href="#m20">VerifyAllocateTrainerPageBatchIDTCB2G70046</a></td><td rowspan="1">1647775222973</td><td rowspan="1">478</td></tr><tr class="passedeven"><td><a href="#m21">VerifyAllocateTrainerPageCourseTCB2G70045</a></td><td rowspan="1">1647775222053</td><td rowspan="1">919</td></tr><tr class="passedeven"><td><a href="#m22">VerifyAllocateTrainerPageMeetingLinkTCB2G70049</a></td><td rowspan="1">1647775224317</td><td rowspan="1">7657</td></tr><tr class="passedeven"><td><a href="#m23">VerifyAllocateTrainerPageStartAndEndDateTCB2G70048</a></td><td rowspan="1">1647775223847</td><td rowspan="1">469</td></tr><tr class="passedeven"><td><a href="#m24">VerifyAllocateTrainerPageTCB2G70044</a></td><td rowspan="1">1647775221917</td><td rowspan="1">135</td></tr><tr class="passedeven"><td><a href="#m25">VerifyAllocateTrainerPageTime2TCB2G70047B</a></td><td rowspan="1">1647775223608</td><td rowspan="1">237</td></tr><tr class="passedeven"><td><a href="#m26">VerifyAllocateTrainerPageTimeTCB2G70047A</a></td><td rowspan="1">1647775223453</td><td rowspan="1">153</td></tr></tbody>
<tbody id="t6"><tr><th colspan="4">TestClassSignup &#8212; failed</th></tr><tr class="failedeven"><td rowspan="2">com.TrainerManagementSystem.scripts.TestClassSignup</td><td><a href="#m27">ListCourseTCB2G70013</a></td><td rowspan="1">1647775219457</td><td rowspan="1">33973</td></tr><tr class="failedeven"><td><a href="#m28">VerifySignUpwithoutCourseTCB2G70023</a></td><td rowspan="1">1647774873229</td><td rowspan="1">37132</td></tr><tr><th colspan="4">TestClassSignup &#8212; passed</th></tr><tr class="passedeven"><td rowspan="11">com.TrainerManagementSystem.scripts.TestClassSignup</td><td><a href="#m29">VerifyEnteredDiffPassTCB2G70018</a></td><td rowspan="1">1647775185148</td><td rowspan="1">34306</td></tr><tr class="passedeven"><td><a href="#m30">VerifyEnteredSamePassTCB2G70017</a></td><td rowspan="1">1647775151069</td><td rowspan="1">34077</td></tr><tr class="passedeven"><td><a href="#m31">VerifyInvalidEmailTCB2G70020</a></td><td rowspan="1">1647775047133</td><td rowspan="1">34068</td></tr><tr class="passedeven"><td><a href="#m32">VerifyInvalidNameTCB2G70022</a></td><td rowspan="1">1647774944785</td><td rowspan="1">33986</td></tr><tr class="passedeven"><td><a href="#m33">VerifyInvalidPhoneTCB2G70015</a></td><td rowspan="1">1647775012930</td><td rowspan="1">34193</td></tr><tr class="passedeven"><td><a href="#m34">VerifyInvalidPhoneUsingStringsTCB2G70016</a></td><td rowspan="1">1647774978773</td><td rowspan="1">34154</td></tr><tr class="passedeven"><td><a href="#m35">VerifyPasParameterTCB2G70086</a></td><td rowspan="1">1647775115136</td><td rowspan="1">35932</td></tr><tr class="passedeven"><td><a href="#m36">VerifySignUPMenuTCB2G70011</a></td><td rowspan="1">1647774863691</td><td rowspan="1">404</td></tr><tr class="passedeven"><td><a href="#m37">VerifySignUpTCB2G70012</a></td><td rowspan="1">1647774864097</td><td rowspan="1">9129</td></tr><tr class="passedeven"><td><a href="#m38">VerifyValidEmailTCB2G70019</a></td><td rowspan="1">1647775081203</td><td rowspan="1">33931</td></tr><tr class="passedeven"><td><a href="#m39">VerifyValidNameTCB2G70021</a></td><td rowspan="1">1647774910858</td><td rowspan="1">33924</td></tr></tbody>
<tbody id="t7"><tr><th colspan="4">TestClassAdminLogout &#8212; passed</th></tr><tr class="passedeven"><td rowspan="2">com.TrainerManagementSystem.scripts.TestClassAdminLogout</td><td><a href="#m40">ValidateLogOutTCB2G70057</a></td><td rowspan="1">1647775292388</td><td rowspan="1">6571</td></tr><tr class="passedeven"><td><a href="#m41">ValidateLoginAndOutAfterLogoutTCB2G70058</a></td><td rowspan="1">1647775298961</td><td rowspan="1">13990</td></tr></tbody>
<tbody id="t8"><tr><th colspan="4">TestClassViewAllocation &#8212; passed</th></tr><tr class="passedeven"><td rowspan="6">com.TrainerManagementSystem.scripts.TestClassViewAllocation</td><td><a href="#m42">VerifyAlbhaTCB2G70051</a></td><td rowspan="1">1647775270261</td><td rowspan="1">1355</td></tr><tr class="passedeven"><td><a href="#m43">VerifyCharTCB2G70053</a></td><td rowspan="1">1647775320751</td><td rowspan="1">36538</td></tr><tr class="passedeven"><td><a href="#m44">VerifyDataTCB2G70054</a></td><td rowspan="1">1647775357291</td><td rowspan="1">35162</td></tr><tr class="passedeven"><td><a href="#m45">VerifyNumTCB2G70052</a></td><td rowspan="1">1647775271618</td><td rowspan="1">49131</td></tr><tr class="passedeven"><td><a href="#m46">VerifyScrollingUsingKeyboardTCB2G70056</a></td><td rowspan="1">1647775392935</td><td rowspan="1">2438</td></tr><tr class="passedeven"><td><a href="#m47">VerifyScrollingUsingMouseTCB2G70055</a></td><td rowspan="1">1647775392470</td><td rowspan="1">462</td></tr></tbody>
<tbody id="t9"><tr><th colspan="4">TestClassTrainerLogin &#8212; passed</th></tr><tr class="passedeven"><td rowspan="6">com.TrainerManagementSystem.scripts.TestClassTrainerLogin</td><td><a href="#m48">DisplayFooterTCB2G70067</a></td><td rowspan="1">1647775352848</td><td rowspan="1">1314</td></tr><tr class="passedeven"><td><a href="#m49">InvalidLoginCredentialsTCB2G70060</a></td><td rowspan="1">1647775394891</td><td rowspan="1">6378</td></tr><tr class="passedeven"><td><a href="#m50">LoginWithNoDataTCB2G70063</a></td><td rowspan="1">1647775354163</td><td rowspan="1">2657</td></tr><tr class="passedeven"><td><a href="#m51">LoginWithValidCredentialsTCB2G70062</a></td><td rowspan="1">1647775401271</td><td rowspan="1">1708</td></tr><tr class="passedeven"><td><a href="#m52">NavigateToHomePageTCB2G70065</a></td><td rowspan="1">1647775359038</td><td rowspan="1">35851</td></tr><tr class="passedeven"><td><a href="#m53">NavigateToSignupPageTCB2G70066</a></td><td rowspan="1">1647775356822</td><td rowspan="1">2215</td></tr></tbody>
<tbody id="t10"><tr><th colspan="4">TestClassTrainerInformation &#8212; failed</th></tr><tr class="failedeven"><td rowspan="1">com.TrainerManagementSystem.scripts.TestClassTrainerInformationWindow</td><td><a href="#m54">VerifyPhotoDisplayTCB2G70070</a></td><td rowspan="1">1647775436072</td><td rowspan="1">63842</td></tr><tr><th colspan="4">TestClassTrainerInformation &#8212; passed</th></tr><tr class="passedeven"><td rowspan="2">com.TrainerManagementSystem.scripts.TestClassTrainerInformationWindow</td><td><a href="#m55">VerifyTrainerInformationTCB2G70068</a></td><td rowspan="1">1647775434692</td><td rowspan="1">1211</td></tr><tr class="passedeven"><td><a href="#m56">VerifyeditbuttonTCB2G70069</a></td><td rowspan="1">1647775435904</td><td rowspan="1">166</td></tr></tbody>
<tbody id="t11"><tr><th colspan="4">TestClassEditTrainerProfile &#8212; failed</th></tr><tr class="failedeven"><td rowspan="1">com.TrainerManagementSystem.scripts.TestClassEditTrainerProfile</td><td><a href="#m57">VerifyEditPersonalDetailsPageTCB2G70071A</a></td><td rowspan="1">1647775441842</td><td rowspan="1">641</td></tr><tr><th colspan="4">TestClassEditTrainerProfile &#8212; passed</th></tr><tr class="passedeven"><td rowspan="6">com.TrainerManagementSystem.scripts.TestClassEditTrainerProfile</td><td><a href="#m58">VerifyEditPersonalDetailsPageTCB2G70071B</a></td><td rowspan="1">1647775442907</td><td rowspan="1">39471</td></tr><tr class="passedeven"><td><a href="#m59">VerifyEditPersonalDetailsPhotoTCB2G70072</a></td><td rowspan="1">1647775482379</td><td rowspan="1">3216</td></tr><tr class="passedeven"><td><a href="#m60">VerifyFooterTCB2G70081</a></td><td rowspan="1">1647775520097</td><td rowspan="1">382</td></tr><tr class="passedeven"><td><a href="#m61">VerifyScrollbarTCB2G70078</a></td><td rowspan="1">1647775520057</td><td rowspan="1">20</td></tr><tr class="passedeven"><td><a href="#m62">VerifyScrollbarTCB2G70080</a></td><td rowspan="1">1647775520079</td><td rowspan="1">16</td></tr><tr class="passedeven"><td><a href="#m63">VerifyTrainerAllocationDetailsPageTCB2G70074</a></td><td rowspan="1">1647775485596</td><td rowspan="1">34454</td></tr></tbody>
<tbody id="t12"><tr><th colspan="4">TestClassTrainerLogout &#8212; passed</th></tr><tr class="passedeven"><td rowspan="2">com.TrainerManagementSystem.scripts.TestClassTrainerLogout</td><td><a href="#m64">VerifyTrainerLoginAfterLoginTCB2G70085</a></td><td rowspan="1">1647775541294</td><td rowspan="1">2272</td></tr><tr class="passedeven"><td><a href="#m65">VerifyTrainerLogoutTCB2G70082</a></td><td rowspan="1">1647775539982</td><td rowspan="1">1311</td></tr></tbody>
</table>
<h2>TestClassHomePageLinks</h2><h3 id="m0">com.TrainerManagementSystem.scripts.TestClassHomePageLinks#CheckPageTitleTCB2G70001</h3><table class="result"><tr><th class="invisible"/></tr></table><p class="totop"><a href="#summary">back to summary</a></p>
<h3 id="m1">com.TrainerManagementSystem.scripts.TestClassHomePageLinks#NavigateToLoginPageTCB2G70003</h3><table class="result"><tr><th class="invisible"/></tr></table><p class="totop"><a href="#summary">back to summary</a></p>
<h3 id="m2">com.TrainerManagementSystem.scripts.TestClassHomePageLinks#NavigateToSignupPageTCB2G70004</h3><table class="result"><tr><th class="invisible"/></tr></table><p class="totop"><a href="#summary">back to summary</a></p>
<h2>TestClassSocialMediaLinks</h2><h3 id="m3">com.TrainerManagementSystem.scripts.TestClassSocialMediaLinks#TCB2G70006_FaceBook</h3><table class="result"><tr><th>Exception</th></tr><tr><td><div class="stacktrace">org.openqa.selenium.ElementClickInterceptedException: element click intercepted: Element is not clickable at point (690, 3138)
  (Session info: chrome=99.0.4844.51)
Build info: version: &apos;3.141.59&apos;, revision: &apos;e82be7d358&apos;, time: &apos;2018-11-14T08:17:03&apos;
System info: host: &apos;Jijos-Air.lan&apos;, ip: &apos;fd49:6281:d0e1:0:1c3e:a2d2:fa9:4f80%en0&apos;, os.name: &apos;Mac OS X&apos;, os.arch: &apos;x86_64&apos;, os.version: &apos;11.5&apos;, java.version: &apos;16.0.1&apos;
Driver info: org.openqa.selenium.chrome.ChromeDriver
Capabilities {acceptInsecureCerts: false, browserName: chrome, browserVersion: 99.0.4844.51, chrome: {chromedriverVersion: 99.0.4844.51 (d537ec02474b5..., userDataDir: /var/folders/1r/fcbkcqwx6qv...}, goog:chromeOptions: {debuggerAddress: localhost:52396}, javascriptEnabled: true, networkConnectionEnabled: false, pageLoadStrategy: normal, platform: MAC, platformName: MAC, proxy: Proxy(), setWindowRect: true, strictFileInteractability: false, timeouts: {implicit: 0, pageLoad: 300000, script: 30000}, unhandledPromptBehavior: dismiss and notify, webauthn:extension:credBlob: true, webauthn:extension:largeBlob: true, webauthn:virtualAuthenticators: true}
Session ID: a42818f244e54d0ee2b77cd15337b6af
	at org.openqa.selenium.remote.http.W3CHttpResponseCodec.createException(W3CHttpResponseCodec.java:187)
	at org.openqa.selenium.remote.http.W3CHttpResponseCodec.decode(W3CHttpResponseCodec.java:122)
	at org.openqa.selenium.remote.http.W3CHttpResponseCodec.decode(W3CHttpResponseCodec.java:49)
	at org.openqa.selenium.remote.HttpCommandExecutor.execute(HttpCommandExecutor.java:158)
	at org.openqa.selenium.remote.service.DriverCommandExecutor.execute(DriverCommandExecutor.java:83)
	at org.openqa.selenium.remote.RemoteWebDriver.execute(RemoteWebDriver.java:552)
	at org.openqa.selenium.remote.RemoteWebElement.execute(RemoteWebElement.java:285)
	at org.openqa.selenium.remote.RemoteWebElement.click(RemoteWebElement.java:84)
	at org.openqa.selenium.support.pagefactory.internal.LocatingElementHandler.invoke(LocatingElementHandler.java:51)
	at jdk.proxy2/jdk.proxy2.$Proxy13.click(Unknown Source)
	at com.TrainerManagementSystem.pages.SocialMediaLinks.ClickFacebookLink(SocialMediaLinks.java:30)
	at com.TrainerManagementSystem.scripts.TestClassSocialMediaLinks.TCB2G70006_FaceBook(TestClassSocialMediaLinks.java:33)
	at java.base/java.util.ArrayList.forEach(ArrayList.java:1511)
	at java.base/java.util.concurrent.FutureTask.run(FutureTask.java:264)
	at java.base/java.util.concurrent.ThreadPoolExecutor.runWorker(ThreadPoolExecutor.java:1130)
	at java.base/java.util.concurrent.ThreadPoolExecutor$Worker.run(ThreadPoolExecutor.java:630)
	at java.base/java.lang.Thread.run(Thread.java:831)
... Removed 27 stack frames</div></td></tr></table><p class="totop"><a href="#summary">back to summary</a></p>
<h3 id="m4">com.TrainerManagementSystem.scripts.TestClassSocialMediaLinks#TCB2G70006_Instagram</h3><table class="result"><tr><th>Exception</th></tr><tr><td><div class="stacktrace">java.lang.AssertionError: expected:&lt;https://trainermanagement.herokuapp.com/&gt; but was:&lt;https://www.instagram.com/?hl=en&gt;
	at com.TrainerManagementSystem.scripts.TestClassSocialMediaLinks.TCB2G70006_Instagram(TestClassSocialMediaLinks.java:68)
	at java.base/java.util.ArrayList.forEach(ArrayList.java:1511)
	at java.base/java.util.concurrent.FutureTask.run(FutureTask.java:264)
	at java.base/java.util.concurrent.ThreadPoolExecutor.runWorker(ThreadPoolExecutor.java:1130)
	at java.base/java.util.concurrent.ThreadPoolExecutor$Worker.run(ThreadPoolExecutor.java:630)
	at java.base/java.lang.Thread.run(Thread.java:831)
... Removed 20 stack frames</div></td></tr></table><p class="totop"><a href="#summary">back to summary</a></p>
<h3 id="m5">com.TrainerManagementSystem.scripts.TestClassSocialMediaLinks#TCB2G70006_Twitter</h3><table class="result"><tr><th>Exception</th></tr><tr><td><div class="stacktrace">java.lang.AssertionError: expected:&lt;https://trainermanagement.herokuapp.com/&gt; but was:&lt;https://twitter.com/?lang=en&gt;
	at com.TrainerManagementSystem.scripts.TestClassSocialMediaLinks.TCB2G70006_Twitter(TestClassSocialMediaLinks.java:52)
	at java.base/java.util.ArrayList.forEach(ArrayList.java:1511)
	at java.base/java.util.concurrent.FutureTask.run(FutureTask.java:264)
	at java.base/java.util.concurrent.ThreadPoolExecutor.runWorker(ThreadPoolExecutor.java:1130)
	at java.base/java.util.concurrent.ThreadPoolExecutor$Worker.run(ThreadPoolExecutor.java:630)
	at java.base/java.lang.Thread.run(Thread.java:831)
... Removed 20 stack frames</div></td></tr></table><p class="totop"><a href="#summary">back to summary</a></p>
<h2>TestClassAdminLogin</h2><h3 id="m6">com.TrainerManagementSystem.scripts.TestClassAdminLogin#LoginWithNodataTCB2G70029</h3><table class="result"><tr><th class="invisible"/></tr></table><p class="totop"><a href="#summary">back to summary</a></p>
<h3 id="m7">com.TrainerManagementSystem.scripts.TestClassAdminLogin#VerifyAdminLoginTCB2G70025</h3><table class="result"><tr><th class="invisible"/></tr></table><p class="totop"><a href="#summary">back to summary</a></p>
<h3 id="m8">com.TrainerManagementSystem.scripts.TestClassAdminLogin#VerifyLoginWithInvaidDatasTCB2G70026</h3><table class="result"><tr><th class="invisible"/></tr></table><p class="totop"><a href="#summary">back to summary</a></p>
<h2>TestClassAdminApproval</h2><h3 id="m9">com.TrainerManagementSystem.scripts.TestClassAdminApproval#VerifyApproveWithoutEmpTypeTCB2G70034</h3><table class="result"><tr><th>Exception</th></tr><tr><td><div class="stacktrace">java.lang.AssertionError: 
	at com.TrainerManagementSystem.scripts.TestClassAdminApproval.VerifyApproveWithoutEmpTypeTCB2G70034(TestClassAdminApproval.java:99)
	at java.base/java.util.ArrayList.forEach(ArrayList.java:1511)
	at java.base/java.util.concurrent.FutureTask.run(FutureTask.java:264)
	at java.base/java.util.concurrent.ThreadPoolExecutor.runWorker(ThreadPoolExecutor.java:1130)
	at java.base/java.util.concurrent.ThreadPoolExecutor$Worker.run(ThreadPoolExecutor.java:630)
	at java.base/java.lang.Thread.run(Thread.java:831)
... Removed 21 stack frames</div></td></tr></table><p class="totop"><a href="#summary">back to summary</a></p>
<h3 id="m10">com.TrainerManagementSystem.scripts.TestClassAdminApproval#VerifyApproveButtonTCB2G70035</h3><table class="result"><tr><th class="invisible"/></tr></table><p class="totop"><a href="#summary">back to summary</a></p>
<h3 id="m11">com.TrainerManagementSystem.scripts.TestClassAdminApproval#VerifyContentsTableTCB2G70030</h3><table class="result"><tr><th class="invisible"/></tr></table><p class="totop"><a href="#summary">back to summary</a></p>
<h3 id="m12">com.TrainerManagementSystem.scripts.TestClassAdminApproval#VerifyContentsTableTCB2G70033</h3><table class="result"><tr><th class="invisible"/></tr></table><p class="totop"><a href="#summary">back to summary</a></p>
<h3 id="m13">com.TrainerManagementSystem.scripts.TestClassAdminApproval#VerifyFooterDisplayTCB2G70032</h3><table class="result"><tr><th class="invisible"/></tr></table><p class="totop"><a href="#summary">back to summary</a></p>
<h3 id="m14">com.TrainerManagementSystem.scripts.TestClassAdminApproval#VerifyPageScrollingTCB2G70031</h3><table class="result"><tr><th class="invisible"/></tr></table><p class="totop"><a href="#summary">back to summary</a></p>
<h3 id="m15">com.TrainerManagementSystem.scripts.TestClassAdminApproval#VerifyRejectButtonTCB2G70037</h3><table class="result"><tr><th class="invisible"/></tr></table><p class="totop"><a href="#summary">back to summary</a></p>
<h2>TestClassAllocate</h2><h3 id="m16">com.TrainerManagementSystem.scripts.TestClassAllocate#VerifySearchBoxTCB2G70039</h3><table class="result"><tr><th class="invisible"/></tr></table><p class="totop"><a href="#summary">back to summary</a></p>
<h3 id="m17">com.TrainerManagementSystem.scripts.TestClassAllocate#VerifySearchDetailsTCB2G70040</h3><table class="result"><tr><th class="invisible"/></tr></table><p class="totop"><a href="#summary">back to summary</a></p>
<h3 id="m18">com.TrainerManagementSystem.scripts.TestClassAllocate#VerifySearchDetailsbyIdTCB2G70042</h3><table class="result"><tr><th class="invisible"/></tr></table><p class="totop"><a href="#summary">back to summary</a></p>
<h2>TestClassAllocateTrainer</h2><h3 id="m19">com.TrainerManagementSystem.scripts.TestClassAllocateTrainer#VerifyAllocateButtonTCB2G70043</h3><table class="result"><tr><th class="invisible"/></tr></table><p class="totop"><a href="#summary">back to summary</a></p>
<h3 id="m20">com.TrainerManagementSystem.scripts.TestClassAllocateTrainer#VerifyAllocateTrainerPageBatchIDTCB2G70046</h3><table class="result"><tr><th class="invisible"/></tr></table><p class="totop"><a href="#summary">back to summary</a></p>
<h3 id="m21">com.TrainerManagementSystem.scripts.TestClassAllocateTrainer#VerifyAllocateTrainerPageCourseTCB2G70045</h3><table class="result"><tr><th class="invisible"/></tr></table><p class="totop"><a href="#summary">back to summary</a></p>
<h3 id="m22">com.TrainerManagementSystem.scripts.TestClassAllocateTrainer#VerifyAllocateTrainerPageMeetingLinkTCB2G70049</h3><table class="result"><tr><th class="invisible"/></tr></table><p class="totop"><a href="#summary">back to summary</a></p>
<h3 id="m23">com.TrainerManagementSystem.scripts.TestClassAllocateTrainer#VerifyAllocateTrainerPageStartAndEndDateTCB2G70048</h3><table class="result"><tr><th class="invisible"/></tr></table><p class="totop"><a href="#summary">back to summary</a></p>
<h3 id="m24">com.TrainerManagementSystem.scripts.TestClassAllocateTrainer#VerifyAllocateTrainerPageTCB2G70044</h3><table class="result"><tr><th class="invisible"/></tr></table><p class="totop"><a href="#summary">back to summary</a></p>
<h3 id="m25">com.TrainerManagementSystem.scripts.TestClassAllocateTrainer#VerifyAllocateTrainerPageTime2TCB2G70047B</h3><table class="result"><tr><th class="invisible"/></tr></table><p class="totop"><a href="#summary">back to summary</a></p>
<h3 id="m26">com.TrainerManagementSystem.scripts.TestClassAllocateTrainer#VerifyAllocateTrainerPageTimeTCB2G70047A</h3><table class="result"><tr><th class="invisible"/></tr></table><p class="totop"><a href="#summary">back to summary</a></p>
<h2>TestClassSignup</h2><h3 id="m27">com.TrainerManagementSystem.scripts.TestClassSignup#ListCourseTCB2G70013</h3><table class="result"><tr><th>Exception</th></tr><tr><td><div class="stacktrace">java.lang.AssertionError: expected:&lt;4&gt; but was:&lt;6&gt;
	at com.TrainerManagementSystem.scripts.TestClassSignup.ListCourseTCB2G70013(TestClassSignup.java:100)
	at java.base/java.util.ArrayList.forEach(ArrayList.java:1511)
	at java.base/java.util.concurrent.FutureTask.run(FutureTask.java:264)
	at java.base/java.util.concurrent.ThreadPoolExecutor.runWorker(ThreadPoolExecutor.java:1130)
	at java.base/java.util.concurrent.ThreadPoolExecutor$Worker.run(ThreadPoolExecutor.java:630)
	at java.base/java.lang.Thread.run(Thread.java:831)
... Removed 23 stack frames</div></td></tr></table><p class="totop"><a href="#summary">back to summary</a></p>
<h3 id="m28">com.TrainerManagementSystem.scripts.TestClassSignup#VerifySignUpwithoutCourseTCB2G70023</h3><table class="result"><tr><th>Exception</th></tr><tr><td><div class="stacktrace">java.lang.AssertionError: 
	at com.TrainerManagementSystem.scripts.TestClassSignup.VerifySignUpwithoutCourseTCB2G70023(TestClassSignup.java:269)
	at java.base/java.util.ArrayList.forEach(ArrayList.java:1511)
	at java.base/java.util.concurrent.FutureTask.run(FutureTask.java:264)
	at java.base/java.util.concurrent.ThreadPoolExecutor.runWorker(ThreadPoolExecutor.java:1130)
	at java.base/java.util.concurrent.ThreadPoolExecutor$Worker.run(ThreadPoolExecutor.java:630)
	at java.base/java.lang.Thread.run(Thread.java:831)
... Removed 21 stack frames</div></td></tr></table><p class="totop"><a href="#summary">back to summary</a></p>
<h3 id="m29">com.TrainerManagementSystem.scripts.TestClassSignup#VerifyEnteredDiffPassTCB2G70018</h3><table class="result"><tr><th class="invisible"/></tr></table><p class="totop"><a href="#summary">back to summary</a></p>
<h3 id="m30">com.TrainerManagementSystem.scripts.TestClassSignup#VerifyEnteredSamePassTCB2G70017</h3><table class="result"><tr><th class="invisible"/></tr></table><p class="totop"><a href="#summary">back to summary</a></p>
<h3 id="m31">com.TrainerManagementSystem.scripts.TestClassSignup#VerifyInvalidEmailTCB2G70020</h3><table class="result"><tr><th class="invisible"/></tr></table><p class="totop"><a href="#summary">back to summary</a></p>
<h3 id="m32">com.TrainerManagementSystem.scripts.TestClassSignup#VerifyInvalidNameTCB2G70022</h3><table class="result"><tr><th class="invisible"/></tr></table><p class="totop"><a href="#summary">back to summary</a></p>
<h3 id="m33">com.TrainerManagementSystem.scripts.TestClassSignup#VerifyInvalidPhoneTCB2G70015</h3><table class="result"><tr><th class="invisible"/></tr></table><p class="totop"><a href="#summary">back to summary</a></p>
<h3 id="m34">com.TrainerManagementSystem.scripts.TestClassSignup#VerifyInvalidPhoneUsingStringsTCB2G70016</h3><table class="result"><tr><th class="invisible"/></tr></table><p class="totop"><a href="#summary">back to summary</a></p>
<h3 id="m35">com.TrainerManagementSystem.scripts.TestClassSignup#VerifyPasParameterTCB2G70086</h3><table class="result"><tr><th class="invisible"/></tr></table><p class="totop"><a href="#summary">back to summary</a></p>
<h3 id="m36">com.TrainerManagementSystem.scripts.TestClassSignup#VerifySignUPMenuTCB2G70011</h3><table class="result"><tr><th class="invisible"/></tr></table><p class="totop"><a href="#summary">back to summary</a></p>
<h3 id="m37">com.TrainerManagementSystem.scripts.TestClassSignup#VerifySignUpTCB2G70012</h3><table class="result"><tr><th class="invisible"/></tr></table><p class="totop"><a href="#summary">back to summary</a></p>
<h3 id="m38">com.TrainerManagementSystem.scripts.TestClassSignup#VerifyValidEmailTCB2G70019</h3><table class="result"><tr><th class="invisible"/></tr></table><p class="totop"><a href="#summary">back to summary</a></p>
<h3 id="m39">com.TrainerManagementSystem.scripts.TestClassSignup#VerifyValidNameTCB2G70021</h3><table class="result"><tr><th class="invisible"/></tr></table><p class="totop"><a href="#summary">back to summary</a></p>
<h2>TestClassAdminLogout</h2><h3 id="m40">com.TrainerManagementSystem.scripts.TestClassAdminLogout#ValidateLogOutTCB2G70057</h3><table class="result"><tr><th class="invisible"/></tr></table><p class="totop"><a href="#summary">back to summary</a></p>
<h3 id="m41">com.TrainerManagementSystem.scripts.TestClassAdminLogout#ValidateLoginAndOutAfterLogoutTCB2G70058</h3><table class="result"><tr><th class="invisible"/></tr></table><p class="totop"><a href="#summary">back to summary</a></p>
<h2>TestClassViewAllocation</h2><h3 id="m42">com.TrainerManagementSystem.scripts.TestClassViewAllocation#VerifyAlbhaTCB2G70051</h3><table class="result"><tr><th class="invisible"/></tr></table><p class="totop"><a href="#summary">back to summary</a></p>
<h3 id="m43">com.TrainerManagementSystem.scripts.TestClassViewAllocation#VerifyCharTCB2G70053</h3><table class="result"><tr><th class="invisible"/></tr></table><p class="totop"><a href="#summary">back to summary</a></p>
<h3 id="m44">com.TrainerManagementSystem.scripts.TestClassViewAllocation#VerifyDataTCB2G70054</h3><table class="result"><tr><th class="invisible"/></tr></table><p class="totop"><a href="#summary">back to summary</a></p>
<h3 id="m45">com.TrainerManagementSystem.scripts.TestClassViewAllocation#VerifyNumTCB2G70052</h3><table class="result"><tr><th class="invisible"/></tr></table><p class="totop"><a href="#summary">back to summary</a></p>
<h3 id="m46">com.TrainerManagementSystem.scripts.TestClassViewAllocation#VerifyScrollingUsingKeyboardTCB2G70056</h3><table class="result"><tr><th class="invisible"/></tr></table><p class="totop"><a href="#summary">back to summary</a></p>
<h3 id="m47">com.TrainerManagementSystem.scripts.TestClassViewAllocation#VerifyScrollingUsingMouseTCB2G70055</h3><table class="result"><tr><th class="invisible"/></tr></table><p class="totop"><a href="#summary">back to summary</a></p>
<h2>TestClassTrainerLogin</h2><h3 id="m48">com.TrainerManagementSystem.scripts.TestClassTrainerLogin#DisplayFooterTCB2G70067</h3><table class="result"><tr><th class="invisible"/></tr></table><p class="totop"><a href="#summary">back to summary</a></p>
<h3 id="m49">com.TrainerManagementSystem.scripts.TestClassTrainerLogin#InvalidLoginCredentialsTCB2G70060</h3><table class="result"><tr><th class="invisible"/></tr></table><p class="totop"><a href="#summary">back to summary</a></p>
<h3 id="m50">com.TrainerManagementSystem.scripts.TestClassTrainerLogin#LoginWithNoDataTCB2G70063</h3><table class="result"><tr><th class="invisible"/></tr></table><p class="totop"><a href="#summary">back to summary</a></p>
<h3 id="m51">com.TrainerManagementSystem.scripts.TestClassTrainerLogin#LoginWithValidCredentialsTCB2G70062</h3><table class="result"><tr><th class="invisible"/></tr></table><p class="totop"><a href="#summary">back to summary</a></p>
<h3 id="m52">com.TrainerManagementSystem.scripts.TestClassTrainerLogin#NavigateToHomePageTCB2G70065</h3><table class="result"><tr><th class="invisible"/></tr></table><p class="totop"><a href="#summary">back to summary</a></p>
<h3 id="m53">com.TrainerManagementSystem.scripts.TestClassTrainerLogin#NavigateToSignupPageTCB2G70066</h3><table class="result"><tr><th class="invisible"/></tr></table><p class="totop"><a href="#summary">back to summary</a></p>
<h2>TestClassTrainerInformation</h2><h3 id="m54">com.TrainerManagementSystem.scripts.TestClassTrainerInformationWindow#VerifyPhotoDisplayTCB2G70070</h3><table class="result"><tr><th>Exception</th></tr><tr><td><div class="stacktrace">org.openqa.selenium.NoSuchElementException: no such element: Unable to locate element: {&quot;method&quot;:&quot;xpath&quot;,&quot;selector&quot;:&quot;//img[@class=&apos;profile_img&apos;]&quot;}
  (Session info: chrome=99.0.4844.51)
For documentation on this error, please visit: https://www.seleniumhq.org/exceptions/no_such_element.html
Build info: version: &apos;3.141.59&apos;, revision: &apos;e82be7d358&apos;, time: &apos;2018-11-14T08:17:03&apos;
System info: host: &apos;Jijos-Air.lan&apos;, ip: &apos;fd49:6281:d0e1:0:1c3e:a2d2:fa9:4f80%en0&apos;, os.name: &apos;Mac OS X&apos;, os.arch: &apos;x86_64&apos;, os.version: &apos;11.5&apos;, java.version: &apos;16.0.1&apos;
Driver info: org.openqa.selenium.chrome.ChromeDriver
Capabilities {acceptInsecureCerts: false, browserName: chrome, browserVersion: 99.0.4844.51, chrome: {chromedriverVersion: 99.0.4844.51 (d537ec02474b5..., userDataDir: /var/folders/1r/fcbkcqwx6qv...}, goog:chromeOptions: {debuggerAddress: localhost:52642}, javascriptEnabled: true, networkConnectionEnabled: false, pageLoadStrategy: normal, platform: MAC, platformName: MAC, proxy: Proxy(), setWindowRect: true, strictFileInteractability: false, timeouts: {implicit: 0, pageLoad: 300000, script: 30000}, unhandledPromptBehavior: dismiss and notify, webauthn:extension:credBlob: true, webauthn:extension:largeBlob: true, webauthn:virtualAuthenticators: true}
Session ID: fc022e514973fca00d02d56987f0f049
*** Element info: {Using=xpath, value=//img[@class=&apos;profile_img&apos;]}
	at org.openqa.selenium.remote.http.W3CHttpResponseCodec.createException(W3CHttpResponseCodec.java:187)
	at org.openqa.selenium.remote.http.W3CHttpResponseCodec.decode(W3CHttpResponseCodec.java:122)
	at org.openqa.selenium.remote.http.W3CHttpResponseCodec.decode(W3CHttpResponseCodec.java:49)
	at org.openqa.selenium.remote.HttpCommandExecutor.execute(HttpCommandExecutor.java:158)
	at org.openqa.selenium.remote.service.DriverCommandExecutor.execute(DriverCommandExecutor.java:83)
	at org.openqa.selenium.remote.RemoteWebDriver.execute(RemoteWebDriver.java:552)
	at org.openqa.selenium.remote.RemoteWebDriver.findElement(RemoteWebDriver.java:323)
	at org.openqa.selenium.remote.RemoteWebDriver.findElementByXPath(RemoteWebDriver.java:428)
	at org.openqa.selenium.By$ByXPath.findElement(By.java:353)
	at org.openqa.selenium.remote.RemoteWebDriver.findElement(RemoteWebDriver.java:315)
	at org.openqa.selenium.support.pagefactory.DefaultElementLocator.findElement(DefaultElementLocator.java:69)
	at org.openqa.selenium.support.pagefactory.internal.LocatingElementHandler.invoke(LocatingElementHandler.java:38)
	at jdk.proxy2/jdk.proxy2.$Proxy13.isDisplayed(Unknown Source)
	at com.TrainerManagementSystem.scripts.TestClassTrainerInformationWindow.VerifyPhotoDisplayTCB2G70070(TestClassTrainerInformationWindow.java:53)
	at java.base/java.util.ArrayList.forEach(ArrayList.java:1511)
	at java.base/java.util.concurrent.FutureTask.run(FutureTask.java:264)
	at java.base/java.util.concurrent.ThreadPoolExecutor.runWorker(ThreadPoolExecutor.java:1130)
	at java.base/java.util.concurrent.ThreadPoolExecutor$Worker.run(ThreadPoolExecutor.java:630)
	at java.base/java.lang.Thread.run(Thread.java:831)
... Removed 23 stack frames</div></td></tr></table><p class="totop"><a href="#summary">back to summary</a></p>
<h3 id="m55">com.TrainerManagementSystem.scripts.TestClassTrainerInformationWindow#VerifyTrainerInformationTCB2G70068</h3><table class="result"><tr><th class="invisible"/></tr></table><p class="totop"><a href="#summary">back to summary</a></p>
<h3 id="m56">com.TrainerManagementSystem.scripts.TestClassTrainerInformationWindow#VerifyeditbuttonTCB2G70069</h3><table class="result"><tr><th class="invisible"/></tr></table><p class="totop"><a href="#summary">back to summary</a></p>
<h2>TestClassEditTrainerProfile</h2><h3 id="m57">com.TrainerManagementSystem.scripts.TestClassEditTrainerProfile#VerifyEditPersonalDetailsPageTCB2G70071A</h3><table class="result"><tr><th>Exception</th></tr><tr><td><div class="stacktrace">java.lang.AssertionError: expected:&lt;true&gt; but was:&lt;false&gt;
	at com.TrainerManagementSystem.scripts.TestClassEditTrainerProfile.VerifyEditPersonalDetailsPageTCB2G70071A(TestClassEditTrainerProfile.java:45)
	at java.base/java.util.ArrayList.forEach(ArrayList.java:1511)
	at java.base/java.util.concurrent.FutureTask.run(FutureTask.java:264)
	at java.base/java.util.concurrent.ThreadPoolExecutor.runWorker(ThreadPoolExecutor.java:1130)
	at java.base/java.util.concurrent.ThreadPoolExecutor$Worker.run(ThreadPoolExecutor.java:630)
	at java.base/java.lang.Thread.run(Thread.java:831)
... Removed 23 stack frames</div></td></tr></table><p class="totop"><a href="#summary">back to summary</a></p>
<h3 id="m58">com.TrainerManagementSystem.scripts.TestClassEditTrainerProfile#VerifyEditPersonalDetailsPageTCB2G70071B</h3><table class="result"><tr><th class="invisible"/></tr></table><p class="totop"><a href="#summary">back to summary</a></p>
<h3 id="m59">com.TrainerManagementSystem.scripts.TestClassEditTrainerProfile#VerifyEditPersonalDetailsPhotoTCB2G70072</h3><table class="result"><tr><th class="invisible"/></tr></table><p class="totop"><a href="#summary">back to summary</a></p>
<h3 id="m60">com.TrainerManagementSystem.scripts.TestClassEditTrainerProfile#VerifyFooterTCB2G70081</h3><table class="result"><tr><th class="invisible"/></tr></table><p class="totop"><a href="#summary">back to summary</a></p>
<h3 id="m61">com.TrainerManagementSystem.scripts.TestClassEditTrainerProfile#VerifyScrollbarTCB2G70078</h3><table class="result"><tr><th class="invisible"/></tr></table><p class="totop"><a href="#summary">back to summary</a></p>
<h3 id="m62">com.TrainerManagementSystem.scripts.TestClassEditTrainerProfile#VerifyScrollbarTCB2G70080</h3><table class="result"><tr><th class="invisible"/></tr></table><p class="totop"><a href="#summary">back to summary</a></p>
<h3 id="m63">com.TrainerManagementSystem.scripts.TestClassEditTrainerProfile#VerifyTrainerAllocationDetailsPageTCB2G70074</h3><table class="result"><tr><th class="invisible"/></tr></table><p class="totop"><a href="#summary">back to summary</a></p>
<h2>TestClassTrainerLogout</h2><h3 id="m64">com.TrainerManagementSystem.scripts.TestClassTrainerLogout#VerifyTrainerLoginAfterLoginTCB2G70085</h3><table class="result"><tr><th class="invisible"/></tr></table><p class="totop"><a href="#summary">back to summary</a></p>
<h3 id="m65">com.TrainerManagementSystem.scripts.TestClassTrainerLogout#VerifyTrainerLogoutTCB2G70082</h3><table class="result"><tr><th class="invisible"/></tr></table><p class="totop"><a href="#summary">back to summary</a></p>
</body>
</html>
