<?xml version="1.0" encoding="UTF-8"?>
<!-- Generated by org.testng.reporters.JUnitReportReporter -->
<testsuite hostname="Jijos-Air.lan" failures="1" tests="7" name="com.TrainerManagementSystem.scripts.TestClassEditTrainerProfile" time="78.628" errors="0" timestamp="2022-03-20T15:25:43 GST" skipped="0">
  <testcase classname="com.TrainerManagementSystem.scripts.TestClassEditTrainerProfile" name="VerifyEditPersonalDetailsPageTCB2G70071A" time="0.642">
    <failure message="expected:&lt;true&gt; but was:&lt;false&gt;" type="java.lang.AssertionError">
      <![CDATA[java.lang.AssertionError: expected:<true> but was:<false>
at org.testng.AssertJUnit.fail(AssertJUnit.java:65)
at org.testng.AssertJUnit.failNotEquals(AssertJUnit.java:468)
at org.testng.AssertJUnit.assertEquals(AssertJUnit.java:88)
at org.testng.AssertJUnit.assertEquals(AssertJUnit.java:230)
at org.testng.AssertJUnit.assertEquals(AssertJUnit.java:240)
at com.TrainerManagementSystem.scripts.TestClassEditTrainerProfile.VerifyEditPersonalDetailsPageTCB2G70071A(TestClassEditTrainerProfile.java:45)
at java.base/jdk.internal.reflect.NativeMethodAccessorImpl.invoke0(Native Method)
at java.base/jdk.internal.reflect.NativeMethodAccessorImpl.invoke(NativeMethodAccessorImpl.java:78)
at java.base/jdk.internal.reflect.DelegatingMethodAccessorImpl.invoke(DelegatingMethodAccessorImpl.java:43)
at java.base/java.lang.reflect.Method.invoke(Method.java:567)
at org.testng.internal.MethodInvocationHelper.invokeMethod(MethodInvocationHelper.java:133)
at org.testng.internal.TestInvoker.invokeMethod(TestInvoker.java:598)
at org.testng.internal.TestInvoker.invokeTestMethod(TestInvoker.java:173)
at org.testng.internal.MethodRunner.runInSequence(MethodRunner.java:46)
at org.testng.internal.TestInvoker$MethodInvocationAgent.invoke(TestInvoker.java:824)
at org.testng.internal.TestInvoker.invokeTestMethods(TestInvoker.java:146)
at org.testng.internal.TestMethodWorker.invokeTestMethods(TestMethodWorker.java:146)
at org.testng.internal.TestMethodWorker.run(TestMethodWorker.java:128)
at java.base/java.util.ArrayList.forEach(ArrayList.java:1511)
at org.testng.TestRunner.privateRun(TestRunner.java:794)
at org.testng.TestRunner.run(TestRunner.java:596)
at org.testng.SuiteRunner.runTest(SuiteRunner.java:377)
at org.testng.SuiteRunner.access$000(SuiteRunner.java:28)
at org.testng.SuiteRunner$SuiteWorker.run(SuiteRunner.java:418)
at org.testng.internal.thread.ThreadUtil.lambda$execute$0(ThreadUtil.java:64)
at java.base/java.util.concurrent.FutureTask.run(FutureTask.java:264)
at java.base/java.util.concurrent.ThreadPoolExecutor.runWorker(ThreadPoolExecutor.java:1130)
at java.base/java.util.concurrent.ThreadPoolExecutor$Worker.run(ThreadPoolExecutor.java:630)
at java.base/java.lang.Thread.run(Thread.java:831)
]]>
    </failure>
  </testcase> <!-- VerifyEditPersonalDetailsPageTCB2G70071A -->
  <system-out/>
  <testcase classname="com.TrainerManagementSystem.scripts.TestClassEditTrainerProfile" name="VerifyEditPersonalDetailsPhotoTCB2G70072" time="3.217"/>
  <system-out/>
  <testcase classname="com.TrainerManagementSystem.scripts.TestClassEditTrainerProfile" name="VerifyEditPersonalDetailsPageTCB2G70071B" time="39.472"/>
  <system-out/>
  <testcase classname="com.TrainerManagementSystem.scripts.TestClassEditTrainerProfile" name="VerifyTrainerAllocationDetailsPageTCB2G70074" time="34.454"/>
  <system-out/>
  <testcase classname="com.TrainerManagementSystem.scripts.TestClassEditTrainerProfile" name="VerifyScrollbarTCB2G70078" time="0.021"/>
  <system-out/>
  <testcase classname="com.TrainerManagementSystem.scripts.TestClassEditTrainerProfile" name="VerifyScrollbarTCB2G70080" time="0.018"/>
  <system-out/>
  <testcase classname="com.TrainerManagementSystem.scripts.TestClassEditTrainerProfile" name="VerifyFooterTCB2G70081" time="0.804"/>
  <system-out/>
</testsuite> <!-- com.TrainerManagementSystem.scripts.TestClassEditTrainerProfile -->
